mode: count
fita/repository/transaction/model.go:23.60,24.25 1 1
fita/repository/transaction/model.go:30.2,32.3 1 1
fita/repository/transaction/model.go:24.25,28.3 1 0
fita/repository/transaction/schemaGql.go:8.71,14.65 1 0
fita/repository/transaction/schemaGql.go:55.2,55.35 1 0
fita/repository/transaction/schemaGql.go:59.2,59.12 1 0
fita/repository/transaction/schemaGql.go:14.65,15.61 1 0
fita/repository/transaction/schemaGql.go:19.6,19.21 1 0
fita/repository/transaction/schemaGql.go:15.61,17.7 1 0
fita/repository/transaction/schemaGql.go:24.65,25.61 1 0
fita/repository/transaction/schemaGql.go:29.6,29.21 1 0
fita/repository/transaction/schemaGql.go:25.61,27.7 1 0
fita/repository/transaction/schemaGql.go:34.65,35.61 1 0
fita/repository/transaction/schemaGql.go:39.6,39.21 1 0
fita/repository/transaction/schemaGql.go:35.61,37.7 1 0
fita/repository/transaction/schemaGql.go:44.65,45.61 1 0
fita/repository/transaction/schemaGql.go:49.6,49.21 1 0
fita/repository/transaction/schemaGql.go:45.61,47.7 1 0
fita/repository/transaction/schemaGql.go:55.35,57.3 1 0
fita/repository/transaction/schemaGql.go:62.74,68.65 1 0
fita/repository/transaction/schemaGql.go:99.2,99.35 1 0
fita/repository/transaction/schemaGql.go:103.2,103.12 1 0
fita/repository/transaction/schemaGql.go:68.65,69.59 1 0
fita/repository/transaction/schemaGql.go:73.6,73.21 1 0
fita/repository/transaction/schemaGql.go:69.59,71.7 1 0
fita/repository/transaction/schemaGql.go:78.65,79.59 1 0
fita/repository/transaction/schemaGql.go:83.6,83.21 1 0
fita/repository/transaction/schemaGql.go:79.59,81.7 1 0
fita/repository/transaction/schemaGql.go:88.65,89.59 1 0
fita/repository/transaction/schemaGql.go:93.6,93.21 1 0
fita/repository/transaction/schemaGql.go:89.59,91.7 1 0
fita/repository/transaction/schemaGql.go:99.35,101.3 1 0
fita/repository/transaction/schemaGql.go:106.59,142.26 6 0
fita/repository/transaction/schemaGql.go:146.2,146.18 1 0
fita/repository/transaction/schemaGql.go:142.26,144.3 1 0
fita/repository/transaction/schemaGql.go:149.62,178.26 5 0
fita/repository/transaction/schemaGql.go:182.2,182.18 1 0
fita/repository/transaction/schemaGql.go:178.26,180.3 1 0
fita/repository/transaction/transaction.go:12.69,20.66 7 1
fita/repository/transaction/transaction.go:24.2,24.38 1 1
fita/repository/transaction/transaction.go:57.2,57.19 1 1
fita/repository/transaction/transaction.go:20.66,22.3 1 0
fita/repository/transaction/transaction.go:24.38,29.17 2 1
fita/repository/transaction/transaction.go:33.3,33.19 1 1
fita/repository/transaction/transaction.go:29.17,31.4 1 0
fita/repository/transaction/transaction.go:33.19,40.31 6 1
fita/repository/transaction/transaction.go:53.4,53.31 1 1
fita/repository/transaction/transaction.go:40.31,43.5 2 0
fita/repository/transaction/transaction.go:43.10,43.56 1 1
fita/repository/transaction/transaction.go:43.56,46.5 2 0
fita/repository/transaction/transaction.go:46.10,46.56 1 1
fita/repository/transaction/transaction.go:46.56,51.5 4 1
fita/repository/transaction/transaction.go:60.68,64.16 3 1
fita/repository/transaction/transaction.go:68.2,73.18 2 1
fita/repository/transaction/transaction.go:64.16,66.3 1 0
